<?xml version="1.0" encoding="UTF-8"?>
<!-- Generated by org.testng.reporters.JUnitReportReporter -->
<testsuite hostname="DESKTOP-8I1SQ8L" failures="0" tests="3" name="testCases.TC_002_LoginTest" time="13.373" errors="0" timestamp="2024-05-10T08:00:14 IST" skipped="0">
  <testcase classname="testCases.TC_002_LoginTest" name="verify_login" time="5.330"/>
  <system-out/>
  <testcase classname="testCases.TC_002_LoginTest" name="verify_login" time="6.778"/>
  <system-out/>
  <testcase classname="testCases.TC_002_LoginTest" name="verify_login" time="1.265"/>
  <system-out/>
</testsuite> <!-- testCases.TC_002_LoginTest -->
