<?xml version="1.0" encoding="UTF-8"?>
<!-- Generated by org.testng.reporters.JUnitReportReporter -->
<testsuite hostname="DESKTOP-8I1SQ8L" failures="0" tests="1" name="testCases.TC_002_LoginTest" time="1.350" errors="0" timestamp="2024-05-10T09:02:19 IST" skipped="0">
  <testcase classname="testCases.TC_002_LoginTest" name="verify_login" time="1.350"/>
</testsuite> <!-- testCases.TC_002_LoginTest -->
