<?xml version="1.0" encoding="UTF-8"?>
<!-- Generated by org.testng.reporters.JUnitReportReporter -->
<testsuite hostname="DESKTOP-8I1SQ8L" failures="0" tests="1" name="testCases.TC_001_AccountRegistrationTest" time="1.831" errors="0" timestamp="2024-05-10T09:02:19 IST" skipped="0">
  <testcase classname="testCases.TC_001_AccountRegistrationTest" name="verify_account_registration" time="1.831"/>
</testsuite> <!-- testCases.TC_001_AccountRegistrationTest -->
